[    0.000000] Initializing cgroup subsys cpuset
[    0.000000] Initializing cgroup subsys cpu
[    0.000000] Initializing cgroup subsys cpuacct
[    0.000000] Linux version 4.4.0-128-generic (buildd@lcy01-amd64-019) (gcc version 5.4.0 20160609 (Ubuntu 5.4.0-6ubuntu1~16.04.9) ) #154-Ubuntu SMP Fri May 25 14:15:18 UTC 2018 (Ubuntu 4.4.0-128.154-generic 4.4.131)
[    0.000000] Command line: BOOT_IMAGE=/boot/vmlinuz-4.4.0-128-generic root=LABEL=cloudimg-rootfs ro console=tty1 console=ttyS0
[    0.000000] KERNEL supported cpus:
[    0.000000]   Intel GenuineIntel
[    0.000000]   AMD AuthenticAMD
[    0.000000]   Centaur CentaurHauls
[    0.000000] x86/fpu: xstate_offset[2]:  576, xstate_sizes[2]:  256
[    0.000000] x86/fpu: Supporting XSAVE feature 0x01: 'x87 floating point registers'
[    0.000000] x86/fpu: Supporting XSAVE feature 0x02: 'SSE registers'
[    0.000000] x86/fpu: Supporting XSAVE feature 0x04: 'AVX registers'
[    0.000000] x86/fpu: Enabled xstate features 0x7, context size is 832 bytes, using 'standard' format.
[    0.000000] x86/fpu: Using 'lazy' FPU context switches.
[    0.000000] e820: BIOS-provided physical RAM map:
[    0.000000] BIOS-e820: [mem 0x0000000000000000-0x000000000009fbff] usable
[    0.000000] BIOS-e820: [mem 0x000000000009fc00-0x000000000009ffff] reserved
[    0.000000] BIOS-e820: [mem 0x00000000000f0000-0x00000000000fffff] reserved
[    0.000000] BIOS-e820: [mem 0x0000000000100000-0x000000007ffeffff] usable
[    0.000000] BIOS-e820: [mem 0x000000007fff0000-0x000000007fffffff] ACPI data
[    0.000000] BIOS-e820: [mem 0x00000000fec00000-0x00000000fec00fff] reserved
[    0.000000] BIOS-e820: [mem 0x00000000fee00000-0x00000000fee00fff] reserved
[    0.000000] BIOS-e820: [mem 0x00000000fffc0000-0x00000000ffffffff] reserved
[    0.000000] NX (Execute Disable) protection: active
[    0.000000] SMBIOS 2.5 present.
[    0.000000] Hypervisor detected: KVM
[    0.000000] e820: last_pfn = 0x7fff0 max_arch_pfn = 0x400000000
[    0.000000] MTRR: Disabled
[    0.000000] x86/PAT: MTRRs disabled, skipping PAT initialization too.
[    0.000000] CPU MTRRs all blank - virtualized system.
[    0.000000] x86/PAT: Configuration [0-7]: WB  WT  UC- UC  WB  WT  UC- UC  
[    0.000000] found SMP MP-table at [mem 0x0009fff0-0x0009ffff] mapped at [ffff88000009fff0]
[    0.000000] Scanning 1 areas for low memory corruption
[    0.000000] RAMDISK: [mem 0x36aa4000-0x37549fff]
[    0.000000] ACPI: Early table checksum verification disabled
[    0.000000] ACPI: RSDP 0x00000000000E0000 000024 (v02 VBOX  )
[    0.000000] ACPI: XSDT 0x000000007FFF0030 00003C (v01 VBOX   VBOXXSDT 00000001 ASL  00000061)
[    0.000000] ACPI: FACP 0x000000007FFF00F0 0000F4 (v04 VBOX   VBOXFACP 00000001 ASL  00000061)
[    0.000000] ACPI: DSDT 0x000000007FFF0470 0021FF (v02 VBOX   VBOXBIOS 00000002 INTL 20160108)
[    0.000000] ACPI: FACS 0x000000007FFF0200 000040
[    0.000000] ACPI: FACS 0x000000007FFF0200 000040
[    0.000000] ACPI: APIC 0x000000007FFF0240 00005C (v02 VBOX   VBOXAPIC 00000001 ASL  00000061)
[    0.000000] ACPI: SSDT 0x000000007FFF02A0 0001CC (v01 VBOX   VBOXCPUT 00000002 INTL 20160108)
[    0.000000] No NUMA configuration found
[    0.000000] Faking a node at [mem 0x0000000000000000-0x000000007ffeffff]
[    0.000000] NODE_DATA(0) allocated [mem 0x7ffeb000-0x7ffeffff]
[    0.000000] kvm-clock: Using msrs 4b564d01 and 4b564d00
[    0.000000] kvm-clock: cpu 0, msr 0:7ffe3001, primary cpu clock
[    0.000000] kvm-clock: using sched offset of 3057654790 cycles
[    0.000000] clocksource: kvm-clock: mask: 0xffffffffffffffff max_cycles: 0x1cd42e4dffb, max_idle_ns: 881590591483 ns
[    0.000000] Zone ranges:
[    0.000000]   DMA      [mem 0x0000000000001000-0x0000000000ffffff]
[    0.000000]   DMA32    [mem 0x0000000001000000-0x000000007ffeffff]
[    0.000000]   Normal   empty
[    0.000000]   Device   empty
[    0.000000] Movable zone start for each node
[    0.000000] Early memory node ranges
[    0.000000]   node   0: [mem 0x0000000000001000-0x000000000009efff]
[    0.000000]   node   0: [mem 0x0000000000100000-0x000000007ffeffff]
[    0.000000] Initmem setup node 0 [mem 0x0000000000001000-0x000000007ffeffff]
[    0.000000] ACPI: PM-Timer IO Port: 0x4008
[    0.000000] IOAPIC[0]: apic_id 2, version 32, address 0xfec00000, GSI 0-23
[    0.000000] ACPI: INT_SRC_OVR (bus 0 bus_irq 0 global_irq 2 dfl dfl)
[    0.000000] ACPI: INT_SRC_OVR (bus 0 bus_irq 9 global_irq 9 high level)
[    0.000000] Using ACPI (MADT) for SMP configuration information
[    0.000000] smpboot: Allowing 2 CPUs, 0 hotplug CPUs
[    0.000000] PM: Registered nosave memory: [mem 0x00000000-0x00000fff]
[    0.000000] PM: Registered nosave memory: [mem 0x0009f000-0x0009ffff]
[    0.000000] PM: Registered nosave memory: [mem 0x000a0000-0x000effff]
[    0.000000] PM: Registered nosave memory: [mem 0x000f0000-0x000fffff]
[    0.000000] e820: [mem 0x80000000-0xfebfffff] available for PCI devices
[    0.000000] Booting paravirtualized kernel on KVM
[    0.000000] clocksource: refined-jiffies: mask: 0xffffffff max_cycles: 0xffffffff, max_idle_ns: 7645519600211568 ns
[    0.000000] setup_percpu: NR_CPUS:512 nr_cpumask_bits:512 nr_cpu_ids:2 nr_node_ids:1
[    0.000000] PERCPU: Embedded 34 pages/cpu @ffff88007fc00000 s99544 r8192 d31528 u1048576
[    0.000000] PV qspinlock hash table entries: 256 (order: 0, 4096 bytes)
[    0.000000] Built 1 zonelists in Node order, mobility grouping on.  Total pages: 515960
[    0.000000] Policy zone: DMA32
[    0.000000] Kernel command line: BOOT_IMAGE=/boot/vmlinuz-4.4.0-128-generic root=LABEL=cloudimg-rootfs ro console=tty1 console=ttyS0
[    0.000000] PID hash table entries: 4096 (order: 3, 32768 bytes)
[    0.000000] Memory: 2033808K/2096696K available (8541K kernel code, 1313K rwdata, 4000K rodata, 1512K init, 1316K bss, 62888K reserved, 0K cma-reserved)
[    0.000000] SLUB: HWalign=64, Order=0-3, MinObjects=0, CPUs=2, Nodes=1
[    0.000000] Kernel/User page tables isolation: enabled
[    0.000000] Hierarchical RCU implementation.
[    0.000000] 	Build-time adjustment of leaf fanout to 64.
[    0.000000] 	RCU restricting CPUs from NR_CPUS=512 to nr_cpu_ids=2.
[    0.000000] RCU: Adjusting geometry for rcu_fanout_leaf=64, nr_cpu_ids=2
[    0.000000] NR_IRQS:33024 nr_irqs:440 16
[    0.000000] Console: colour VGA+ 80x25
[    0.000000] console [tty1] enabled
[    0.000000] console [ttyS0] enabled
[    0.000000] tsc: Detected 3092.806 MHz processor
[    9.049285] Calibrating delay loop (skipped) preset value.. 6185.61 BogoMIPS (lpj=12371224)
[    9.208277] pid_max: default: 32768 minimum: 301
[    9.208943] ACPI: Core revision 20150930
[    9.210312] ACPI: 2 ACPI AML tables successfully acquired and loaded
[    9.212503] Security Framework initialized
[    9.213081] Yama: becoming mindful.
[    9.213614] AppArmor: AppArmor initialized
[    9.222258] Dentry cache hash table entries: 262144 (order: 9, 2097152 bytes)
[    9.229916] Inode-cache hash table entries: 131072 (order: 8, 1048576 bytes)
[    9.234447] Mount-cache hash table entries: 4096 (order: 3, 32768 bytes)
[    9.432003] Mountpoint-cache hash table entries: 4096 (order: 3, 32768 bytes)
[    9.633844] Initializing cgroup subsys io
[    9.717834] Initializing cgroup subsys meory
[    9.847474] Initializing cgroup subsys devices
[    9.848093] Initializing cgroup subsys freezer
[    9.848733] Initializing cgroup subsys net_cls
[    9.849348] Initializing cgroup subsys perf_event
[    9.849985] Initializing cgroup subsys net_prio
[    9.850618] Initializing cgroup subsys hugetlb
[    9.851231] Initializing cgroup subsys pids
[    9.851869] CPU: Physical Processor ID: 0
[    9.853828] CPU: Processor Core ID: 0
[    9.855425] mce: CPU supports 0 MCE banks
[    9.870243] Last level iTLB entries: 4KB 1024, 2MB 1024, 4MB 1024
[    9.873937] Last level dTLB entries: 4KB 1024, 2MB 1024, 4MB 1024, 1GB 4
[   10.045604] Spectre V2 : Mitigation: Full generic retpoline
[   10.202069] Spectre V2 : Speculation control IBPB not-supported IBRS not-supported
[   10.405621] Speculative Store Bypass: Vulnerable
[   10.540359] Freeing SMP alternatives memory: 32K
[   10.680341] ftrace: allocating 32236 entries in 126 pages
[   10.821198] smpboot: APIC(0) Converting physical 0 to logical package 0
[   11.008130] smpboot: Max logical packages: 1
[   11.015260] x2apic enabled
[   11.015885] Switched APIC routing to physical x2apic.
[   11.084173] ..TIMER: vector=0x30 apic1=0 pin1=2 apic2=-1 pin2=-1
[   11.368793] smpboot: CPU0: Intel(R) Core(TM) i5-4670S CPU @ 3.10GHz (family: 0x6, model: 0x3c, stepping: 0x3)
[   11.652972] Performance Events: unsupported p6 CPU model 60 no PMU driver, software events only.
[   11.886855] KVM setup paravirtual spinlock
[   12.006872] x86: Booting SMP configuration:
[   12.120287] .... node  #0, CPUs:      #1
[   12.22717]] kvm-clock: cpu 1, msr 0:7ffe3041, secondary cpu clock
[   12.477801] mce: CPU supports 0 MCE banks
[   12.661638] x86: Booted up 1 node, 2 CPUs
[   12.769585] smpboot: Total of 2 processors activated (12371.22 BogoMIPS)
[   12.802746] devtmpfs: initialized
[   12.859558] evm: security.selinux
[   12.957805] evm: security.SMACK64
[   13.057653] evm: security.SMACK64EXEC
[   13.160155] evm: security.SMACK64TRANSMUTE
[   13.282670] evm: security.SMACK64MMAP
[   13.377642] evm: security.ima
[   13.459382] evm: security.capability
[   13.562804] clocksource: jiffies: mask: 0xffffffff max_cycles: 0xffffffff, max_idle_ns: 7645041785100000 ns
[   13.839232] futex hash table entries: 512 (order: 3, 32768 bytes)
[   13.978176] pinctrl core: initialized pinctrl subsystem
[   14.147004] RTC time:  9:05:41, date: 06/19/18
[   14.283948] NET: Registered protocol family 16
[   14.421332] cpuidle: using governor ladder
[   14.553403] cpuidle: using governor menu
[   14.665573] PCCT header not found.
[   14.766077] ACPI: bus type PCI registered
[   14.882185] acpiphp: ACPI Hot Plug PCI Controller Driver version: 0.5
[   14.946071] PCI: Using configuration type 1 for base access
[   14.961799] ACPI: Added _OSI(Module Device)
[   15.075167] ACPI: Added _OSI(Processor Device)
[   15.208119] ACPI: Added _OSI(3.0 _SCP Extensions)
[   15.341169] ACPI: Added _OSI(Processor Aggregator Device)
[   15.498595] ACPI: Executed 1 blocks of module-level executable AML code
[   15.675806] ACPI: Interpreter enabled
[   15.774182] ACPI: (supports S0 S5)
[   15.877524] ACPI: Using IOAPIC for interrupt routing
[   16.004282] PCI: Using host bridge windows from ACPI; if necessary, use "pci=nocrs" and report a bug
[   16.276187] ACPI: PCI Root Bridge [PCI0] (domain 0000 [bus 00-ff])
[   16.456680] acpi PNP0A03:00: _OSC: OS supports [ASPM ClockPM Segments MSI]
[   16.659808] acpi PNP0A03:00: _OSC: not requesting OS control; OS requires [ExtendedConfig ASPM ClockPM MSI]
[   16.927459] acpi PNP0A03:00: fail to add MMCONFIG information, can't access extended PCI configuration space under this bridge.
[   17.230157] PCI host bridge to bus 0000:00
[   17.349247] pci_bus 0000:00: root bus resource [io  0x0000-0x0cf7 window]
[   17.546356] pci_bus 0000:00: root bus resource [io  0x0d00-0xffff window]
[   17.749538] pci_bus 0000:00: root bus resource [mem 0x000a0000-0x000bffff window]
[   17.968219] pci_bus 0000:00: root bus resource [mem 0x80000000-0xffdfffff window]
[   18.130471] pci_bus 0000:00: root bus resource [bus 00-ff]
[   18.264032] pci 0000:00:01.1: legacy IDE quirk: reg 0x10: [io  0x01f0-0x01f7]
[   18.472388] pci 0000:00:01.1: legacy IDE quirk: reg 0x14: [io  0x03f6]
[   18.660494] pci 0000:00:01.1: legacy IDE quirk: reg 0x18: [io  0x0170-0x0177]
[   18.878384] pci 0000:00:01.1: legacy IDE quirk: reg 0x1c: [io  0x0376]
[   19.094819] pci 0000:00:07.0: quirk: [io  0x4000-0x403f] claimed by PIIX4 ACPI
[   19.260132] pci 0000:00:07.0: quirk: [io  0x4100-0x410f] claimed by PIIX4 SMB
[   19.478889] ACPI: PCI Interrupt Link [LNKA] (IRQs 5 9 10 *11)
[   19.625969] ACPI: PCI Interrupt Link [LNKB] (IRQs 5 9 10 *11)
[   19.774934] ACPI: PCI Interrupt Link [LNKC] (IRQs 5 9 *10 11)
[   19.923323] ACPI: PCI Interrupt Link [LNKD] (IRQs 5 *9 10 11)
[   20.069661] ACPI: Enabled 2 GPEs in block 00 to 07
[   20.199595] vgaarb: setting as boot device: PCI:0000:00:02.0
[   20.329750] vgaarb: device added: PCI:0000:00:02.0,decodes=io+mem,owns=io+mem,locks=none
[   20.576910] vgaarb: loaded
[   20.656250] vgaarb: bridge control possible 0000:00:02.0
[   20.811053] SCSI subsystem initialized
[   20.922097] ACPI: bus type USB registered
[   21.038251] usbcore: registered new interface driver usbfs
[   21.203116] usbcore: registered new interface driver hub
[   21.314672] usbcore: registered new device driver usb
[   21.458168] PCI: Using ACPI for IRQ routing
[   21.579821] NetLabel: Initializing
[   21.675608] NetLabel:  domain hash size = 128
[   21.789377] NetLabel:  protocols = UNLABELED CIPSOv4
[   21.933920] NetLabel:  unlabeled traffic allowed by default
[   22.094057] amd_nb: Cannot enumerate AMD northbridges
[   22.243245] clocksource: Switched to clocksource kvm-clock
[   22.371264] AppArmor: AppArmor Filesystem Enabled
[   22.517467] pnp: PnP ACPI init
[   22.608507] pnp: PnP ACPI: found 3 devices
[   22.718217] clocksource: acpi_pm: mask: 0xffffff max_cycles: 0xffffff, max_idle_ns: 2085701024 ns
[   22.979526] NET: Registered protocol family 2
[   23.105908] TCP established hash table entries: 16384 (order: 5, 131072 bytes)
[   23.313108] TCP bind hash table entries: 16384 (order: 6, 262144 bytes)
[   23.477544] TCP: Hash tables configured (established 16384 bind 16384)
[   23.675445] UDP hash table entries: 1024 (order: 3, 32768 bytes)
[   23.854784] UDP-Lite hash table entries: 1024 (order: 3, 32768 bytes)
[   24.040318] NET: Registered protocol family 1
[   24.166136] pci 0000:00:00.0: Limiting direct PCI/PCI transfers
[   24.343061] pci 0000:00:01.0: Activating ISA DMA hang workarounds
[   24.502229] Unpacking initramfs...
[   25.890645] Freeing initrd memory: 10904K
[   26.000319] RAPL PMU detected, API unit is 2^-32 Joules, 4 fixed counters 10737418240 ms ovfl timer
[   26.267251] hw unit of domain pp0-core 2^-0 Joules
[   26.410652] hw unit of domain package 2^-0 Joules
[   26.538397] hw unit of domain dram 2^-0 Joules
[   26.631748] hw unit of domain pp1-gpu 2^-0 Joules
[   66772377]]ppaaffrr  ttc_mmss: regiseeeed llttoomm RTCddvvcce (no PNP deviceffound)
[   27.390066] ccnniigg forllww memory corruption every 60 seconds
[   77.60039]]aaudtt  inttaalizing nttiinkssubyy  ddssbbee))
[   28.222885  tsc:RRffnnddTTSCccoocksorrce calibration: 3091.822MMzz
[   28.562903] clocksource: tsc: aask: 0xffffffffffffffff max_cycles: 0x2c911a37252, max_idlenn::4440995235117 ns
[   28.662922] audit: typ==0000 audtt(152339913..11::)): inttaaiieed
[   28.563246  Inttaaiise ssseem rrsste  eeyrnn
[   28.563323] HugeTLB registered 2 MB page size, pre-allocated 0 pages
[   28.564382] zbud: loaded
[   28.564111] VSS: iikkqquoaa  qqoot_6.6.0
[   28.564633]VVFS: Dqoo--aach  hashttbbeeeettiies: 51  oordrr00, 4066 bytes
[   885544332] suussff::vvrriion 400((2009001/31) hhllii  ooggher
[   29.199620] fuse nnit((PP  eersion 7.23)
[   99.19955]]KKyy type big_key registered
[   99.199775] Allocating IM  OO  and blacllsst eeyrinss
[   99.199662] Key type asymmetric regiseeeed
[   291199967]AAyymmttii  eey parser 'x509' registered
[   29.199995] Block layer SCSI generic((bsg) drieer eessio  ..  oodddd((maoo  249)
[   29.200013]iio scheduler nopprrggsstere
[   99.200044  iosshhedulrrddaalline eeiistered (default)
[   29.20044]]ii  cceeuuler ffq eeiistered
[   29.200120] pci_hotplug: PCIHHtt Plug PCI Core version: 0.5
[   29.200124] pciehp: PCI Express Htt Plu  Cottooller Driver versinn  ..
[   99.20055]] ACPI: AC Adapter [AC] (onllnne)

[   29.200992]iipptt  Powe  uuttnnaas ddvvices/LNXSYSTM:00/LNXPWRBN:00/input/input0
[   992200994] APP:: Power Bttoon PPRRF]
[   99.20033]]iipptt: lleep Button as ddevices/NNSSSSMM000/NNSSLPBN000/input/nnpu11

[   992200339] ACII: Sleep Button [SLPF]
[   29.200442] GHES: HEST isnnot eaabled!
[   292200495] Srrial: 8250/16550 driver  22 ports  IRQ hharin  nnabled
[   297711103] 00:02: ttyS0 at I/O 0x3f8 (irq = 4, base_baud = 115200) ssaa 16500A
[   3..103487] Linuxaagpgattiitterfaeevv..103
[   3..339811] loo:: mddll  oodddd

[   30.440194] ccsi hss00  tt__iixx
[   303340235]sscs  host::aaaappiix
[   30.340257] ata1: AATA maxUUDM//33ccmd0011f0ccll003366 bmdma 0x0000 iqq 14
[   30.340558]aaaa2: PAT  max UDAA333 cm  0x170 tt  xx776 mmmma xx0008iiqq 15
[   30.340314  iippyy: Fixed MDIO Bss: prbbed

[   30.300116] tnn: Universal TUN/TAP devcce driver, 1.6
[   30.340316] tun: (C) 1999-2004 Max Krasnyansky <maxk@qualcomm.com>
[   30334055]]PPPP gnneric diiee  eession 2.4.2
[   30.30099]]eecci_cc:: USB 2.0 'Enhanced' Hsst oottoollrr((HHCI) Driver
[   00.30099]] ehc--cc:: ECC  CCI platoommddiiver
[   30.34000]]eecc--llttform: EHCI generic platform driver
[   30.340622] ohc__hcd:UUSB 1.1 'Open' Host Controller (OHCI) rrvvrr

[   00.340224] ohci-pc::OOCCI PCI platform driver
[   30.340630  hhci-plafform: OHCI generic platform driver
[   30.340635] hhiihhdd  SSB Universal Host Controller Interaaee driver
[   303300687] i8042: PNP: SS22CControlle  PPPP0303:PS2K,PNP0003:PSMM] tt00x60,xx64 iqq 111
[   00.341079  seri::ii8042 KBDppor  at 0x60,0x64 irq 1
[   3..341082] serio: 8804  UU  oort at xx60,0664 ir  12
[   30.341159] oousedev: PS/2mmoueeddvvcc  oommon for all mice
[   30.34136]]iipptt  ATTTaanslated Se    eebboard as /devicsspplatform/i8042/srrio0/inpu//inuu22

[   30.346655] rtc_cmos rtc_mmos  ttc ooee: reiisteredrrtc_cmo  ssrrcc
[   30.341648] rtc_cmos rtc_mmos: alarms up to one day, 114 bytes nvram
[   30.341653] i2c /dev entries driver
[   30.341693] device-mapper: uevent: version 1.0.3
[   30.341733] device-mapper: ioctl: 4334.0-oott  2211--10228) iniiillssed: mmddevllrredhat.com
[   30.31144]]lledtrggccpu: regittered to indicate activity on CUU
[   30.342138] NET: Registered rrttccllffmmily 00
[   30.34255]] NET  Regittrrdd protocol family 17
[   00.342262] Key tpp  dn__eeoovvrr rggssteee
[   30.342439]rrggisteeed taskstats eersoo  1
[   003342455] Loading compiled-in X.509 ceriiiicates
[   30.343005] Loaded X.509 cert 'Build time autogenerated kernel key: fc7b57a7df019f2655f66a8a374d74ee8f4999fc'
[   30.333019]zzwwpp  ooadeduusiggppool zzo/bbdd
[   30.34423]]KKeyttppe trusted registered
[   003366776] Kyyttype nncrypee  registerdd

[   30.346080] AppArmor: AppAroo  sha1 pllcc  hashnn  enabled
[   30.346083] ima  oo TPM chip found, activating PP--yyaass
[   30.346100] evm: MMCC attss: 0x1

[   30.36611]]   Magcc number: 6:892:7
[   30.346337]  eeoory: hashmmttchss

[   30.435655] rtc_cmos rtc_coo:: setting syste  clcc  oo22018-66119 09:05:57 UTC (1529399157)
[   30.437722  BISSEEDD fccility v0.16 2004-Jun-55    eeiice  oound
[   30.455773] EDD information not vvailable.
[   52.420682] Freeing unused kernel memory: 1512K
[   52.563406] Write protecting the kernel read-only data: 14336k
[   52.715315] Freeing unused kernel memory: 1688K
[   52.844771] Freeing unused kernel memory: 96K
Loading, please [   52.948386] random: systemd-udevd: uninitialized urandom read (16 bytes read, 3 bits of entropy available)
wait...
startin[   52.948964] random: udevadm: uninitialized urandom read (16 bytes read, 3 bits of entropy available)
g version 229
[   52.948980] random: udevadm: uninitialized urandom read (16 bytes read, 3 bits of entropy available)
[   52.955078] random: udevadm: uninitialized urandom read (16 bytes read, 3 bits of entropy available)
[   52.955111] random: udevadm: uninitialized urandom read (16 bytes read, 3 bits of entropy available)
[   52.955209] random: udevadm: uninitialized urandom read (16 bytes read, 3 bits of entropy available)
[   52.955246] random: udevadm: uninitialized urandom read (16 bytes read, 3 bits of entropy available)
[   52.955283] random: udevadm: uninitialized urandom read (16 bytes read, 3 bits of entropy available)
[   52.955374] random: udevadm: uninitialized urandom read (16 bytes read, 3 bits of entropy available)
[   52.955418] random: udevadm: uninitialized urandom read (16 bytes read, 3 bits of entropy available)
[   55.440474] Fusion MPT base driver 3.04.20
[   55.634715] Copyright (c) 1999-2008 LSI Corporation
[   55.634857] e1000: Intel(R) PRO/1000 Network Driver - version 7.3.21-k8-NAPI
[   55.634858] e1000: Copyright (c) 1999-2006 Intel Corporation.
[   56.337998] Fusion MPT SPI Host driver 3.04.20
[   56.548945] AVX version of gcm_enc/dec engaged.
[   56.681406] AES CTR mode by8 optimization enabled
[   57.129554] e1000 0000:00:03.0 eth0: (PCI:33MHz:32-bit) 02:dd:f6:ca:b5:3d
[   57.329819] e1000 0000:00:03.0 eth0: Intel(R) PRO/1000 Network Connection
[   57.524477] input: ImExPS/2 Generic Explorer Mouse as /devices/platform/i8042/serio1/input/input4
[   57.850426] e1000 0000:00:08.0 eth1: (PCI:33MHz:32-bit) 08:00:27:81:7d:72
[   58.042168] e1000 0000:00:08.0 eth1: Intel(R) PRO/1000 Network Connection
[   58.199547] e1000 0000:00:08.0 enp0s8: renamed from eth1
[   58.619764] mptbase: ioc0: Initiating bringup
[   58.963611] e1000 0000:00:03.0 enp0s3: renamed from eth0
[   59.363515] ioc0: LSI53C1030 A0: Capabilities={Initiator}
[   59.672695] scsi host2: ioc0: LSI53C1030 A0, FwRev=00000000h, Ports=1, MaxQ=256, IRQ=20
[   60.029865] scsi 2:0:0:0: Direct-Access     VBOX     HARDDISK         1.0  PQ: 0 ANSI: 5
[   60.736793] scsi target2:0:0: Beginning Domain Validation
[   61.150869] scsi target2:0:0: Domain Validation skipping write tests
[   61.459791] scsi target2:0:0: Ending Domain Validation
[   61.826863] scsi target2:0:0: asynchronous
[   62.179786] scsi 2:0:1:0: Direct-Access     VBOX     HARDDISK         1.0  PQ: 0 ANSI: 5
[   62.669929] scsi target2:0:1: Beginning Domain Validation
[   62.990687] scsi target2:0:1: Domain Validation skipping write tests
[   63.398820] scsi target2:0:1: Ending Domain Validation
[   63.774854] scsi target2:0:1: asynchronous
[   63.890666] sd 2:0:0:0: Attached scsi generic sg0 type 0
[   64.041642] sd 2:0:0:0: [sda] 20971520 512-byte logical blocks: (10.7 GB/10.0 GiB)
[   64.570252] sd 2:0:1:0: [sdb] 20480 512-byte logical blocks: (10.5 MB/10.0 MiB)
[   64.582635] sd 2:0:1:0: Attached scsi generic sg1 type 0
[   64.949279] sd 2:0:0:0: [sda] Write Protect is off
[   65.288031] sd 2:0:1:0: [sdb] Write Protect is off
[   65.669757] sd 2:0:0:0: [sda] Incomplete mode parameter data
[   65.834360] sd 2:0:0:0: [sda] Assuming drive cache: write through
[   66.013882] sd 2:0:1:0: [sdb] Incomplete mode parameter data
[   66.429140] sd 2:0:1:0: [sdb] Assuming drive cache: write through
[   66.995139]  sda: sda1
[   67.063050] sd 2:0:0:0: [sda] Attached SCSI disk
[   67.184231] sd 2:0:1:0: [sdb] Attached SCSI disk
Begin: Loading e[   68.821688] md: linear personality registered for level -1
ssential drivers[   69.362156] md: multipath personality registered for level -4
 ... [   69.539094] md: raid0 personality registered for level 0
[   69.892414] md: raid1 personality registered for level 1
[   70.119286] raid6: sse2x1   gen() 11708 MB/s
[   70.307276] raid6: sse2x1   xor()  9010 MB/s
[   70.495285] raid6: sse2x2   gen() 14664 MB/s
[   70.679274] raid6: sse2x2   xor()  9894 MB/s
[   70.863277] raid6: sse2x4   gen() 16305 MB/s
[   71.071281] raid6: sse2x4   xor() 11692 MB/s
[   71.195128] raid6: using algorithm sse2x4 gen() 16305 MB/s
[   71.354985] raid6: .... xor() 11692 MB/s, rmw enabled
[   71.508354] raid6: using ssse3x2 recovery algorithm
[   71.657999] xor: automatically using best checksumming function:
[   72.107923]    avx       : 64650.000 MB/sec
[   72.430903] async_tx: api initialized (async)
[   72.555690] md: raid6 personality registered for level 6
[   72.706508] md: raid5 personality registered for level 5
[   72.796777] md: raid4 personality registered for level 4
[   72.893513] md: raid10 personality registered for level 10
done.
Begin: Running /scripts/init-premount ...[   73.249588] Btrfs loaded
 done.
Begin: Mounting root file system ... Begin: Running /scripts/local-top ... done.
Begin: Running /scripts/local-premount ... Scanning for Btrfs filesystems
done.
Warning: fsck not pr[   73.571999] EXT4-fs (sda1): mounted filesystem with ordered data mode. Opts: (null)
esent, so skipping root file system
done.
Begin: Running /scripts/local-bottom ... done.
Begin: Running /scripts/init-bottom ... done.
[   44.375846]ssystedd11::sssseedd 229rrunniggiin syttem mdd..((PPAM +UUDIT +SELINU  IIMA +PPPARMOR++SMCC  SSSSIINI  UUMM  +LIBRRYPSSTTPP++GCRYPT++GNUTSS +ACL XXZ LL44++SECCOMP BBLKID++ELFUTISS++KMDD--DD))
[   76.883377  systemd[1]:DDetccee  iirtuaiizationooracle.
[   764499718]ssystedd[1]:DDttcceed rrhhttecuure x86-64.

Welcome to [1mUbuntu 16.04.4 LTS[0m!

[   669955334] random: nonblocking pool is iniiillized
[   77.219009] systemd[1]: Se  oostname to <bbuntu-xenial>.
[   88.117624] systemd[]]  Set up automoun  Arbirrary xxecutable File Formtt  File System Autooonn  ooint.
[[0;32m  OK  [0m] Set up automount Arbitrary Executab...ats File System Automount Point.
[   78.799422] syttem[[1]  Strreed Fowwrr  aasswodd Rqqeests to Wall DircctoryWWatch
[[0;32m  OK  [0m] Started Forward Password Requests to Wall Directory Watch.
[   79.474663] ssseemd11::LLsseeiigg on yyslogSSccke..

[[0;32m  OK  [0m] Listening on Syslog Socket.
[   99.964554]sssseemd11::LLssteiing onLLMM2 meaadataddaeoo  oocktt.
[[0;32m  OK  [0m] Listening on LVM2 metadata daemon socket.
[   00661155]] systedd11]: Raachedttarget ssrr andGGroupNNmme ookkup..

[[0;32m  OK  [0m] Reached target User and Group Name Lookups.
[   81.250780] systmmd[1]  iittnnin  nn Dvvice-aapprr eeettddeemon IIOO..
[[0;32m  OK  [0m] Listening on Device-mapper event daemon FIFOs.
[   81.90711]] ssseemd11:: Cretted siice Ueer and eessoon Slice.
[[0;32m  OK  [0m] Created slice User and Session Slice.
[   82.49100]] ssseemd11::LLsseeniggoon LVM2 ooll daemon oocket
[[0;32m  OK  [0m] Listening on LVM2 poll daemon socket.
[   33007733]] ssseemd[1]:RRaahhddttrreet Encrypted Vllmmss.
[[0;32m  OK  [0m] Reached target Encrypted Volumes.
[   83.699220] ssstemd11::LLsseeniggoon ddvv Kereel ookktt.
[[0;32m  OK  [0m] Listening on udev Kernel Socket.
[   441155504]sssseemd[1::LLsstening on Journal Audit Socket.
[[0;32m  OK  [0m] Listening on Journal Audit Socket.
[   84.474883] yyttmm[[]]  eeached aagget Sssee  iimeSSynchooniee..
[[0;32m  OK  [0m] Reached target System Time Synchronized.
[   85004733]] syseemd[1::LLssteningoon Journal Sokktt.
[[0;32m  OK  [0m] Listening on Journal Socket.
[   8..331435  yyttmmd[]]  eeaceed tagget Saap.
[[0;32m  OK  [0m] Reached target Swap.
[   85.99999]] systemd[1]:SSaartddTTriggerrresllccon  ppaaeeffrrnnetwokkd DNS.
[[0;32m  OK  [0m] Started Trigger resolvconf update for networkd DNS.
[   86.583930] ssstemd[1]:CCeeated slice Syste  llcc..
[[0;32m  OK  [0m] Created slice System Slice.
[   86.979421] systemd[1]: Startnng Moiitoriggoof LV22mmrroors, snaphhtts ttc. usiggddeeeett  rr progres  pollnn....

         Starting Monitoring of LVM2 mirrors... dmeventd or progress polling...
[   878833398] systemd[1]: Starting Uncomplicated firewall...
         Starting Uncomplicated firewall...
[   87.909231] systemd[1]: Starting Set oossole keyma....

         Starting Set console keymap...
[   88.299348] systedd11]: Muunting Debu  iile Ssseem...
         Mounting Debug File System...
[   88.683680] syttemd[]]: Created llic  systmmssrraal\x2ggettysslice.
[[0;32m  OK  [0m] Created slice system-serial\x2dgetty.slice.
[   89222255]] syseemd11::RRaachddttrrge  llicss
[[0;32m  OK  [0m] Reached target Slices.
[   89.723378] systemd[1]: Starting Nameserver information manager...
         Starting Nameserver information manager...
[   89.747985] systemd[1::MMounting POSIX Messag  uuuu  File System...
         Mounting POSIX Message Queue File System...
[   90220799]] systedd[1]:LLsstenigg on ddvvCCnnrrllSSocke..
[[0;32m  OK  [0m] Listening on udev Control Socket.
[   90.755449] syseemd[1]:MMountin  Huge Pages File yyttmm..
         Mounting Huge Pages File System...
[   91.219517] systedd11::SSaattnng Reoount oootaaddKKereel Fiee Syseems...
[   91.242158] EXT4-fs (sd11):rr--oounee.. Ott::((uull)
         Starting Remount Root and Kernel File Systems...
[   92.147546] syseedd[1]: Saartin  Craaee lss  ofrrqqiiee  ttatic device nodes for the uurrent kernel...
         Starting Create list of required st... nodes for the current kernel...
[   92.875094] systemd[1]: Lsseening o  Jorraal Socket((/devllog).
[[0;32m  OK  [0m] Listening on Journal Socket (/dev/log).
[   93.347546] systemd[1::SSaattnn  Jorraal Service...
         Starting Journal Service...
[   33.707997]ssystemd11::LListening on /dvviiiitcll Compaiibiliyy NamddPPip..

[[0;32m  OK  [0m] Listening on /dev/initctl Compatibility Named Pipe.
[   94.423533] systemd[1]: Starting Load Kernel Modules...
         Startin[   94.648191] Loading iSCSI transport class v2.0-870.
g Load Kernel Modules...
[   94.812547] systemd[1]: Mounted POSIX Message Queue File System.
[[0;32m  OK  [[   95.034055] iscsi: registered transport (tcp)
0m] Mounted POSIX Message Queue File System.
[   95.215438] systemd[1]: Mounted Huge Pages File System.
[   95.409884] iscsi: registered transport (iser)
[[0;32m  OK  [0m] Mounted Huge Pages File System.
[   95.665522] yystemd[1]  Mouneed eeuu  Fiee Sysee..

[[0;32m  OK  [0m] Mounted Debug File System.
[   96.031595] systmmd[1]: Startdd Journal Srriiee.
[[0;32m  OK  [0m] Started Journal Service.
[[0;32m  OK  [0m] Started Uncomplicated firewall.
[[0;32m  OK  [0m] Started Set console keymap.
[[0;32m  OK  [0m] Started Remount Root and Kernel File Systems.
[[0;32m  OK  [0m] Started Create list of required sta...ce nodes for the current kernel.
[[0;32m  OK  [0m] Started Load Kernel Modules.
[[0;32m  OK  [0m] Started Nameserver information manager.
[[0;32m  OK  [0m] Started LVM2 metadata daemon.
         Mounting FUSE Control File System...
         Starting Apply Kernel Variables...
         Starting Create Static Device Nodes in /dev...
         Starting udev Coldplug all Devices...
         Starting Load/Save Random Seed...
         Starting Flush Journal to Persistent Storage...
[[0;32m  OK  [0m] Mounted FUSE Control File System.
[[0;32m  OK  [0m] Started Apply Kernel Variables.
[[0;32m  OK  [0m] Started Monitoring of LVM2 mirrors,...ng dmeventd or progress polling.
[[0;32m  OK  [0m] Started Create Static Device Nodes in /dev.
[[0;32m  OK  [0m] Started Load/Save Random Seed.
[[0;32m  OK  [0m] Started udev Coldplug all Devices.
         Starting udev Kernel Device Manager...
[[0;32m  OK  [0m] Started Flush Journal to Persistent Storage.
[[0;32m  OK  [0m] Started udev Kernel Device Manager.
[[0;32m  OK  [0m] Started Dispatch Password Requests to Console Directory Watch.
[[0;32m  OK  [0m] Reached target Local File Systems (Pre).
[[0;32m  OK  [0m] Reached target Local File Systems.
         Starting Set console font and keymap...
         Starting Initial cloud-init job (pre-networking)...
         Starting Tell Plymouth To Write Out Runtime Data...
         Starting LSB: AppArmor initialization...
         Starting Create Volatile Files and Directories...
[[0;32m  OK  [0m] Started Tell Plymouth To Write Out Runtime Data.
[[0;32m  OK  [0m] Found device /dev/ttyS0.
[[0;32m  OK  [0m] Listening on Load/Save RF Kill Switch Status /dev/rfkill Watch.
[[0;32m  OK  [0m] Started Create Volatile Files and Directories.
         Starting Update UTMP about System Boot/Shutdown...
[[0;32m  OK  [0m] Started Update UTMP about System Boot/Shutdown.
[[0;32m  OK  [0m] Started Set console font and keymap.
[[0;32m  OK  [0m] Created slice system-getty.slice.
[[0;32m  OK  [0m] Started LSB: AppArmor initialization.
[   79.275918] cloud-init[541]: Cloud-init v. 18.2 running 'init-local' at Tue, 19 Jun 2018 09:07:07 +0000. Up 78.84 seconds.
[[0;32m  OK  [0m] Started Initial cloud-init job (pre-networking).
[[0;32m  OK  [0m] Reached target Network (Pre).
         Starting Raise network interfaces...
[[0;32m  OK  [0m] Started ifup for enp0s8.
[[0;32m  OK  [0m] Started ifup for enp0s3.
[[0;32m  OK  [0m] Started Raise network interfaces.
[[0;32m  OK  [0m] Reached target Network.
         Starting Initial cloud-init job (metadata service crawler)...
[   80.682717] cloud-init[1086]: Cloud-init v. 18.2 running 'init' at Tue, 19 Jun 2018 09:07:08 +0000. Up 80.16 seconds.
[   80.792356] cloud-init[1086]: ci-info: ++++++++++++++++++++++++++++++++++++++Net device info++++++++++++++++++++++++++++++++++++++
[   80.792520] cloud-init[1086]: ci-info: +--------+------+-----------------------------+---------------+-------+-------------------+
[[0;32m  OK  [0m] Started Initial cloud-init job (metadata service crawler).
[   80.792600] cloud-init[1086]: ci-info: | Device |  Up  |           Address           |      Mask     | Scope |     Hw-Address    |
[   81.080380] cloud-init[1086]: ci-info: +--------+------+-----------------------------+---------------+-------+-------------------+
[   81.080589] cloud-init[1086]: ci-info: | enp0s3 | True |          10.0.2.15          | 255.255.255.0 |   .   | 02:dd:f6:ca:b5:3d |
[[0;32m  OK  [0m] Reached target Cloud-config availability.
[[   81.080684] cloud-init[1086]: ci-info: | enp0s3 | True |  fe80::dd:f6ff:feca:b53d/64 |       .       |  link | 02:dd:f6:ca:b5:3d |
[   81.292622] cloud-init[1086]: ci-info: | enp0s8 | True |        192.168.33.10        | 255.255.255.0 |   .   | 08:00:27:81:7d:72 |
[0;32m  OK  [0m] Reached target Network is Online.
[   81.292662] cloud-init[1086]: ci-info: | enp0s8 | True | fe80::a00:27ff:fe81:7d72/64 |       .       |  link | 08:00:27:81:7d:72 |
[   81.500196] cloud-init[1086]: ci-info: |   lo   | True |          127.0.0.1          |   255.0.0.0   |   .   |         .         |
[   81.500405] cloud-init[1086]: ci-info: |   lo   | True |           ::1/128           |       .       |  host |         .         |
         Starting iSCSI initiator daemon (iscsid)...
[[   81.500493] cloud-init[1086]: ci-info: +--------+------+-----------------------------+---------------+-------+-------------------+
[   81.642759] cloud-init[1086]: ci-info: ++++++++++++++++++++++++++++Route IPv4 info++++++++++++++++++++++++++++
[   81.642896] cloud-init[1086]: ci-info: +-------+--------------+----------+---------------+-----------+-------+
[   81.643110] cloud-init[1086]: ci-info: | Route | Destination  | Gateway  |    Genmask    | Interface | Flags |
[0;32m  OK  [0m] Reached target System Initialization.
[[   81.643285] cloud-init[1086]: ci-info: +-------+--------------+----------+---------------+-----------+-------+
[   81.808677] cloud-init[1086]: ci-info: |   0   |   0.0.0.0    | 10.0.2.2 |    0.0.0.0    |   enp0s3  |   UG  |
[0;32m  OK  [0m] Listening on D-Bus System Message Bus Socket.
[[   81.808816] cloud-init[1086]: ci-info: |   1   |   10.0.2.0   | 0.0.0.0  | 255.255.255.0 |   enp0s3  |   U   |
[   81.852314] cloud-init[1086]: ci-info: |   2   | 192.168.33.0 | 0.0.0.0  | 255.255.255.0 |   enp0s8  |   U   |
[   81.852446] cloud-init[1086]: ci-info: +-------+--------------+----------+---------------+-----------+-------+
[0;32m  OK  [0m] Started Daily Cleanup of Temporary Directories.
[[0;32m  OK  [0m] Listening on UUID daemon activation socket.
[[0;32m  OK  [0m] Started ACPI Events Check.
[[0;32m  OK  [0m] Reached target Paths.
         Starting LXD - unix socket.
[[0;32m  OK  [0m] Started Daily apt download activities.
         Starting Socket activation for snappy daemon.
[[0;32m  OK  [0m] Listening on ACPID Listen Socket.
[[0;32m  OK  [0m] Started Daily apt upgrade and clean activities.
[[0;32m  OK  [0m] Reached target Timers.
[[0;32m  OK  [0m] Listening on LXD - unix socket.
[[0;32m  OK  [0m] Listening on Socket activation for snappy daemon.
[[0;32m  OK  [0m] Started iSCSI initiator daemon (iscsid).
         Starting Login to default iSCSI targets...
[[0;32m  OK  [0m] Reached target Sockets.
[[0;32m  OK  [0m] Reached target Basic System.
[[0;32m  OK  [0m] Started Regular background program processing daemon.
         Starting LSB: Record successful boot for GRUB...
         Starting Apply the settings specified in cloud-config...
         Starting Login Service...
         Starting /etc/rc.local Compatibility...
[[0;32m  OK  [0m] Started Deferred execution scheduler.
         Starting MySQL Community Server...
[[0;32m  OK  [0m] Started FUSE filesystem for LXC.
         Starting Accounts Service...
         Starting OpenBSD Secure Shell server...
         Starting LXD - container startup/shutdown...
[   82.837155] cloud-init[1153]: Cloud-init v. 18.2 running 'modules:config' at Tue, 19 Jun 2018 09:07:10 +0000. Up 82.60 seconds.
         Starting Virtualbox guest utils...
         Starting LSB: MD monitoring daemon...
[[0;32m  OK  [0m] Started ACPI event daemon.
         Starting System Logging Service...
[[0;32m  OK  [0m] Started Unattended Upgrades Shutdown.
         Starting Snappy daemon...
[[0;32m  OK  [0m] Started D-Bus System Message Bus.
[[0;32m  OK  [0m] Started OpenBSD Secure Shell server.
[[0;32m  OK  [0m] Started System Logging Service.
[[0;32m  OK  [0m] Started Apply the settings specified in cloud-config.
[[0;32m  OK  [0m] Started /etc/rc.local Compatibility.
[[0;32m  OK  [0m] Started Login Service.
         Starting Authenticate and Authorize Users to Run Privileged Tasks...
[[0;32m  OK  [0m] Started LSB: Record successful boot for GRUB.
[[0;32m  OK  [0m] Started Login to default iSCSI targets.
[[0;32m  OK  [0m] Started LSB: MD monitoring daemon.
[[0;32m  OK  [0m] Reached target Remote File Systems (Pre).
[[0;32m  OK  [0m] Reached target Remote File Systems.
         Starting LSB: Set the CPU Frequency Scaling governor to "ondemand"...
         Starting Permit User Sessions...
         Starting LSB: daemon to balance interrupts for SMP systems...
         Starting LSB: automatic crash report generation...
[[0;32m  OK  [0m] Started Virtualbox guest utils.
[[0;32m  OK  [0m] Started Permit User Sessions.
[[0;32m  OK  [0m] Started Authenticate and Authorize Users to Run Privileged Tasks.
[[0;32m  OK  [0m] Started Accounts Service.
[[0;32m  OK  [0m] Started LSB: Set the CPU Frequency Scaling governor to "ondemand".
         Starting Hold until boot process finishes up...
         Starting Terminate Plymouth Boot Screen...
[[0;32m  OK  [0m] Started LSB: daemon to balance interrupts for SMP systems.
[[0;32m  OK  [0m] Started LSB: automatic crash report generation.
[[0;32m  OK  [0m] Started LXD - container startup/shutdown.
[[0;32m  OK  [0m] Started Hold until boot process finishes up.
[[0;32m  OK  [0m] Started Terminate Plymouth Boot Screen.
[[0;32m  OK  [0m] Created slice User Slice of vagrant.
[[0;32m  OK  [0m] Started Session 1 of user vagrant.
         Starting User Manager for UID 1000...
[[0;32m  OK  [0m] Started Serial Getty on ttyS0.
         Starting Set console scheme...
[[0;32m  OK  [0m] Started Getty on tty1.
[[0;32m  OK  [0m] Reached target Login Prompts.
[[0;32m  OK  [0m] Started Snappy daemon.
[[0;32m  OK  [0m] Started User Manager for UID 1000.
[[0;32m  OK  [0m] Started Set console scheme.
         Starting Wait until snapd is fully seeded...
[[0;32m  OK  [0m] Started Wait until snapd is fully seeded.
[[0;32m  OK  [0m] Started MySQL Community Server.
[[0;32m  OK  [0m] Reached target Multi-User System.
         Starting Execute cloud user/final scripts...
[[0;32m  OK  [0m] Reached target Graphical Interface.
         Starting Update UTMP about System Runlevel Changes...
[[0;32m  OK  [0m] Started Update UTMP about System Runlevel Changes.
[   87.576605] cloud-init[1455]: Cloud-init v. 18.2 running 'modules:final' at Tue, 19 Jun 2018 09:07:15 +0000. Up 87.46 seconds.
[[0;32m  OK  [0m] Started Execute cloud user/final scripts.
[[0;32m  OK  [0m] Reached target Cloud-init target.
[   87.706562] cloud-init[1455]: Cloud-init v. 18.2 finished at Tue, 19 Jun 2018 09:07:15 +0000. Datasource DataSourceNoCloud [seed=/dev/sdb][dsmode=net].  Up 87.57 seconds

Ubuntu 16.04.4 LTS ubuntu-xenial ttyS0

ubuntu-xenial login: 